2025-05-01T15:20:14+00:00 DEBUG POST: https://ads.tiktok.com/marketing_api/api/developer/app/create_auto_approve/

{"business_platform":"PROD","smb_id":"tt4b_woocommerce_6813912eeb0f8httplart-du-maghreblocalwp-admin","smb_name":"PROD","redirect_url":"http:\/\/lart-du-maghreb.local\/wp-admin\/"}
 ajax: no
2025-05-01T15:20:15+00:00 DEBUG Tt4b_Mapi_Class::create_open_source_app: Response: 

HTTP/1.1 200 OK
Content-Type: application/json
X-Tt-Logid: 202505011520139CF3D089FB64887C72E7,202505011520139CF3D089FB64887C72E7
Strict-Transport-Security: max-age=31536000; includeSubDomains
x-tt-trace-host: 0141848de020cc4e04127dd7ed56770df6f6080a9338b919899e32fee2f2b99e919a8e78007a70447c3d0a19fd1be1daf966baa992d2f9bb25741603d79e61f50e70dcc8d1c67bcc15951592d402622e14b136c1d2c6dde1f7f2a6c3db1d6ecb41259fa8e350275450f1f1c9d295737fbf
x-tt-trace-id: 00-2505011520139CF3D089FB64887C72E7-577FBB5481345FA7-00
Server: TLB
Content-Encoding: gzip
Content-Length: 209
X-Origin-Response-Time: 67,184.28.235.39
X-Akamai-Request-ID: 1cd1d4e7.3b7eb9c
Date: Thu, 01 May 2025 15:20:14 GMT
X-Cache: TCP_MISS from a23-77-196-157.deploy.akamaitechnologies.com (AkamaiGHost/22.1.1.1-c4fce450b4824ba2e51e32b4cbf189c7) (-)
Connection: close
Vary: Accept-Encoding
X-Cache-Remote: TCP_MISS from a184-28-235-39.deploy.akamaitechnologies.com (AkamaiGHost/22.1.1.1-c4fce450b4824ba2e51e32b4cbf189c7) (-)
x-tt-trace-tag: id=16;cdn-cache=miss;type=dyn
Server-Timing: cdn-cache; desc=MISS, edge; dur=179, origin; dur=67
Server-Timing: inner; dur=63
X-Parent-Response-Time: 241,23.77.196.157

{"code":0,"msg":"ok","data":{"app_id":"7499497432405770248","redirect_uri":"http:\/\/lart-du-maghreb.local\/wp-admin\/","app_secret":"823c2cdc8eb3eb093694f435b9a578a46c2cfbcf","external_data_key":"9d00bc30-1ced-4daf-bff2-142a84b15435"}}

2025-05-01T17:39:52+00:00 DEBUG Tt4b_Pixel_Class::inject_view_content_event: hit ViewContent
2025-05-01T17:39:52+00:00 DEBUG Tt4b_Pixel_Class::inject_view_content_event: hit ViewContent
2025-05-01T17:39:52+00:00 DEBUG Tt4b_Pixel_Class::inject_view_content_event: Missing option "access_token"
2025-05-01T17:39:52+00:00 DEBUG Tt4b_Pixel_Class::inject_view_content_event: Missing option "access_token"
2025-05-01T17:39:53+00:00 DEBUG Tt4b_Pixel_Class::inject_view_content_event: hit ViewContent
2025-05-01T17:39:53+00:00 DEBUG Tt4b_Pixel_Class::inject_view_content_event: Missing option "access_token"
2025-05-01T17:39:56+00:00 DEBUG Tt4b_Pixel_Class::inject_view_content_event: hit ViewContent
2025-05-01T17:39:56+00:00 DEBUG Tt4b_Pixel_Class::inject_view_content_event: Missing option "access_token"
2025-05-01T18:30:57+00:00 DEBUG POST: https://business-api.tiktok.com/tbp/v2.0/business_profile/disconnect?external_data=

{"business_platform":"WOO_COMMERCE","external_business_id":"tt4b_woocommerce_6813912eeb0f8"}
 ajax: no
2025-05-01T18:30:58+00:00 DEBUG Tt4b_Mapi_Class::tbp_post: Response: 

HTTP/1.1 200 OK
Content-Type: application/json; charset=utf-8
Content-Length: 95
X-Api-Deprecation-Info: API for Business Version 1.3 is now live. To avoid disruption to your business, we recommend you migrate all calls to v1.3 as soon as possible. Please visit our migration guide for more details: https://ads.tiktok.com/marketing_api/docs?id=1740029169927169
X-Domain-Change-Info: We have moved to the new domain business-api.tiktok.com for API services after the Platform Upgrade on 09/30/2021. Please update all of your requests with the new domain if you haven't done so already. For more information, please visit https://ads.tiktok.com/marketing_api/docs?rid=esb88xalm6m&id=1709207085043713
X-Tt-Logid: 202505011830553BC6A444EA65A0841CDC
x-tt-trace-host: 0141848de020cc4e04127dd7ed56770df65222b29ed854e37e29b58af3104241a5ee3c38a6c296141bbf66de419ad13e47f1117795db6e404a567f9ed79c6b8a46d450517dbd966dad4730f0b8a5fd7c9af78e2c72b609d940ea3cf91cb0df052d946ced02e2ea24bb83c14cff95081b3d
x-tt-trace-id: 00-2505011830553BC6A444EA65A0841CDC-6660940568794D10-00
Server: TLB
X-Origin-Response-Time: 10,23.59.80.70
X-Akamai-Request-ID: 3712fafa.2975d555
Expires: Thu, 01 May 2025 18:30:56 GMT
Cache-Control: max-age=0, no-cache, no-store
Pragma: no-cache
Date: Thu, 01 May 2025 18:30:56 GMT
X-Cache: TCP_MISS from a2-21-247-214.deploy.akamaitechnologies.com (AkamaiGHost/22.1.1.1-d05c6443fdf0ef1ad227a2aacc363f6e) (-)
Connection: close
X-Cache-Remote: TCP_MISS from a23-59-80-70.deploy.akamaitechnologies.com (AkamaiGHost/22.1.1.1-d05c6443fdf0ef1ad227a2aacc363f6e) (-)
x-tt-trace-tag: id=16;cdn-cache=miss;type=dyn
Server-Timing: cdn-cache; desc=MISS, edge; dur=159, origin; dur=9
Server-Timing: inner; dur=5
X-Parent-Response-Time: 165,2.21.247.214

{"code":40001,"message":"Permission denied.","request_id":"202505011830553BC6A444EA65A0841CDC"}

2025-05-01T18:30:58+00:00 DEBUG POST: https://business-api.tiktok.com/tbp/v2.0/shop/connection/disconnect?external_data=

--- EMPTY STRING ---
 ajax: no
2025-05-01T18:30:58+00:00 DEBUG Tt4b_Mapi_Class::tts_shop_disconnect: Response: 

HTTP/1.1 200 OK
Content-Type: application/json; charset=utf-8
Content-Length: 95
X-Api-Deprecation-Info: API for Business Version 1.3 is now live. To avoid disruption to your business, we recommend you migrate all calls to v1.3 as soon as possible. Please visit our migration guide for more details: https://ads.tiktok.com/marketing_api/docs?id=1740029169927169
X-Domain-Change-Info: We have moved to the new domain business-api.tiktok.com for API services after the Platform Upgrade on 09/30/2021. Please update all of your requests with the new domain if you haven't done so already. For more information, please visit https://ads.tiktok.com/marketing_api/docs?rid=esb88xalm6m&id=1709207085043713
X-Tt-Logid: 202505011830564F62988E86A1C77F8858
x-tt-trace-host: 0141848de020cc4e04127dd7ed56770df6f76cda2a80ca56e2ebaf899222c411e9531ee55b083210b3108236d51d289b119c5c8e71018bcf3d9b265acd294be6902f02351b4eb2bda3a6eb4c3934cc16de18a9605fa09fb89603f2c840941e7a7a8efc6b4b5d887a5b11ceaa436ec41b7c
x-tt-trace-id: 00-2505011830564F62988E86A1C77F8858-090E9E83165991DA-00
Server: TLB
X-Origin-Response-Time: 13,23.60.68.148
X-Akamai-Request-ID: 1bba64ea.32b19778
Expires: Thu, 01 May 2025 18:30:57 GMT
Cache-Control: max-age=0, no-cache, no-store
Pragma: no-cache
Date: Thu, 01 May 2025 18:30:57 GMT
X-Cache: TCP_MISS from a2-21-247-197.deploy.akamaitechnologies.com (AkamaiGHost/22.1.1.1-d05c6443fdf0ef1ad227a2aacc363f6e) (-)
Connection: close
X-Cache-Remote: TCP_MISS from a23-60-68-148.deploy.akamaitechnologies.com (AkamaiGHost/22.1.1.1-d05c6443fdf0ef1ad227a2aacc363f6e) (-)
x-tt-trace-tag: id=16;cdn-cache=miss;type=dyn
Server-Timing: cdn-cache; desc=MISS, edge; dur=158, origin; dur=12
Server-Timing: inner; dur=8
X-Parent-Response-Time: 167,2.21.247.197

{"code":40001,"message":"Permission denied.","request_id":"202505011830564F62988E86A1C77F8858"}

